SF:lib/data/models/movie_model.dart
DA:5,5
DA:35,4
DA:36,2
DA:37,2
DA:38,8
DA:39,2
DA:40,2
DA:41,2
DA:42,4
DA:43,2
DA:44,2
DA:45,2
DA:46,2
DA:47,4
DA:48,2
DA:51,2
DA:52,1
DA:53,1
DA:54,4
DA:55,1
DA:56,1
DA:57,1
DA:58,1
DA:59,1
DA:60,1
DA:61,1
DA:62,1
DA:63,1
DA:64,1
DA:67,2
DA:68,2
DA:69,2
DA:70,2
DA:71,2
DA:72,2
DA:73,2
DA:74,2
DA:75,2
DA:76,2
DA:77,2
DA:78,2
DA:79,2
DA:80,2
DA:81,2
DA:85,2
DA:86,2
DA:87,2
DA:88,2
DA:89,2
DA:90,2
DA:91,2
DA:92,2
DA:93,2
DA:94,2
DA:95,2
DA:96,2
DA:97,2
DA:98,2
DA:99,2
LF:59
LH:59
end_of_record
SF:lib/domain/entities/movie.dart
DA:4,7
DA:20,5
DA:41,6
DA:42,6
DA:43,6
DA:44,6
DA:45,6
DA:46,6
DA:47,6
DA:48,6
DA:49,6
DA:50,6
DA:51,6
DA:52,6
DA:53,6
DA:54,6
DA:55,6
LF:17
LH:17
end_of_record
SF:lib/data/datasources/db/movie_database_helper.dart
DA:8,0
DA:12,0
DA:13,0
DA:20,0
DA:21,0
DA:25,0
DA:26,0
DA:27,0
DA:30,0
DA:31,0
DA:32,0
DA:35,0
DA:39,0
DA:40,0
DA:41,0
DA:44,0
DA:47,0
DA:48,0
DA:54,0
DA:55,0
DA:57,0
DA:62,0
DA:64,0
DA:65,0
DA:66,0
DA:67,0
DA:68,0
DA:69,0
DA:74,0
DA:75,0
DA:76,0
DA:79,0
DA:85,0
DA:86,0
DA:87,0
DA:90,0
LF:36
LH:0
end_of_record
SF:lib/data/datasources/movie_local_data_source.dart
DA:29,1
DA:32,1
DA:34,3
DA:37,2
DA:42,1
DA:44,3
DA:47,2
DA:52,1
DA:53,3
DA:55,1
DA:62,1
DA:63,3
DA:64,4
DA:68,1
DA:69,3
DA:70,3
DA:74,1
DA:75,3
DA:77,1
DA:78,4
DA:80,1
DA:85,1
DA:86,3
DA:87,3
DA:91,1
DA:92,3
DA:94,1
DA:95,4
DA:97,1
DA:102,1
DA:103,3
DA:104,3
DA:108,1
DA:109,3
DA:111,1
DA:112,4
DA:114,1
LF:37
LH:37
end_of_record
SF:lib/data/datasources/movie_remote_data_source.dart
DA:26,1
DA:29,1
DA:31,5
DA:33,2
DA:34,4
DA:36,1
DA:41,1
DA:42,5
DA:44,2
DA:45,3
DA:47,1
DA:52,1
DA:53,2
DA:54,3
DA:56,2
DA:57,4
DA:59,1
DA:64,1
DA:66,5
DA:68,2
DA:69,4
DA:71,1
DA:76,1
DA:78,5
DA:80,2
DA:81,4
DA:83,1
DA:88,1
DA:89,2
DA:90,3
DA:92,2
DA:93,4
DA:95,1
LF:33
LH:33
end_of_record
SF:lib/data/models/movie_detail_model.dart
DA:6,3
DA:52,2
DA:53,2
DA:54,2
DA:55,2
DA:56,2
DA:57,2
DA:58,8
DA:59,2
DA:60,2
DA:61,2
DA:62,2
DA:63,2
DA:64,2
DA:65,4
DA:66,2
DA:67,2
DA:68,2
DA:69,2
DA:70,2
DA:71,2
DA:72,2
DA:73,2
DA:74,4
DA:75,2
DA:78,2
DA:79,1
DA:80,1
DA:81,1
DA:82,5
DA:83,1
DA:84,1
DA:85,1
DA:86,1
DA:87,1
DA:88,1
DA:89,1
DA:90,1
DA:91,1
DA:92,1
DA:93,1
DA:94,1
DA:95,1
DA:96,1
DA:97,1
DA:98,1
DA:99,1
DA:102,1
DA:103,1
DA:104,1
DA:105,1
DA:106,5
DA:107,1
DA:108,1
DA:109,1
DA:110,1
DA:111,1
DA:112,1
DA:113,1
DA:114,1
DA:115,1
DA:119,1
DA:120,1
DA:121,1
DA:122,1
DA:123,1
DA:124,1
DA:125,1
DA:126,1
DA:127,1
DA:128,1
DA:129,1
DA:130,1
DA:131,1
DA:132,1
DA:133,1
DA:134,1
DA:135,1
DA:136,1
DA:137,1
DA:138,1
DA:139,1
DA:140,1
DA:141,1
LF:84
LH:84
end_of_record
SF:lib/data/models/movie_response.dart
DA:7,3
DA:9,4
DA:10,4
DA:11,6
DA:12,6
DA:15,2
DA:16,5
DA:19,1
DA:20,2
LF:9
LH:9
end_of_record
SF:lib/data/models/genre_model.dart
DA:5,4
DA:13,4
DA:14,2
DA:15,2
DA:18,4
DA:19,2
DA:20,2
DA:23,1
DA:24,3
DA:27,1
DA:28,3
LF:11
LH:11
end_of_record
SF:lib/domain/entities/genre.dart
DA:4,14
DA:12,2
DA:13,6
LF:3
LH:3
end_of_record
SF:lib/domain/entities/movie_detail.dart
DA:5,14
DA:33,2
DA:34,2
DA:35,2
DA:36,2
DA:37,2
DA:38,2
DA:39,2
DA:40,2
DA:41,2
DA:42,2
DA:43,2
DA:44,2
DA:45,2
LF:14
LH:14
end_of_record
SF:lib/data/models/movie_table.dart
DA:12,15
DA:19,2
DA:20,1
DA:21,1
DA:22,1
DA:23,1
DA:26,2
DA:27,1
DA:28,1
DA:29,1
DA:30,1
DA:33,2
DA:34,1
DA:35,1
DA:36,1
DA:37,1
DA:40,2
DA:41,1
DA:42,1
DA:43,1
DA:44,1
DA:47,2
DA:48,1
DA:49,1
DA:50,1
DA:51,1
DA:54,2
DA:55,10
LF:28
LH:28
end_of_record
SF:lib/data/repositories/movie_repository_impl.dart
DA:19,1
DA:26,1
DA:27,3
DA:29,3
DA:31,2
DA:32,4
DA:34,5
DA:35,1
DA:36,2
DA:40,3
DA:41,5
DA:42,1
DA:43,3
DA:49,1
DA:51,3
DA:52,2
DA:53,1
DA:54,2
DA:55,1
DA:56,2
DA:61,1
DA:63,3
DA:64,3
DA:65,1
DA:66,2
DA:67,1
DA:68,2
DA:73,1
DA:74,3
DA:76,3
DA:78,2
DA:79,4
DA:81,5
DA:82,1
DA:83,2
DA:87,3
DA:88,5
DA:89,1
DA:90,3
DA:96,1
DA:97,3
DA:99,3
DA:101,2
DA:102,4
DA:104,5
DA:105,1
DA:106,2
DA:110,3
DA:111,5
DA:112,1
DA:113,3
DA:119,1
DA:121,3
DA:122,5
DA:123,1
DA:124,2
DA:125,1
DA:126,2
DA:131,1
DA:134,4
DA:135,1
DA:136,1
DA:137,3
DA:144,1
DA:147,4
DA:148,1
DA:149,1
DA:150,3
DA:155,1
DA:156,3
DA:161,1
DA:162,3
DA:163,5
LF:73
LH:73
end_of_record
SF:lib/domain/usecases/get_movie_detail.dart
DA:9,1
DA:11,1
DA:12,2
LF:3
LH:3
end_of_record
SF:lib/domain/usecases/get_movie_recommendations.dart
DA:9,1
DA:11,1
DA:12,2
LF:3
LH:3
end_of_record
SF:lib/domain/usecases/get_movie_watchlist_status.dart
DA:6,1
DA:8,1
DA:9,2
LF:3
LH:3
end_of_record
SF:lib/domain/usecases/get_now_playing_movies.dart
DA:9,1
DA:11,1
DA:12,2
LF:3
LH:3
end_of_record
SF:lib/domain/usecases/get_popular_movies.dart
DA:9,1
DA:11,1
DA:12,2
LF:3
LH:3
end_of_record
SF:lib/domain/usecases/get_top_rated_movies.dart
DA:9,1
DA:11,1
DA:12,2
LF:3
LH:3
end_of_record
SF:lib/domain/usecases/get_watchlist_movies.dart
DA:9,1
DA:11,1
DA:12,2
LF:3
LH:3
end_of_record
SF:lib/domain/usecases/remove_movie_watchlist.dart
DA:9,1
DA:11,1
DA:12,2
LF:3
LH:3
end_of_record
SF:lib/domain/usecases/save_movie_watchlist.dart
DA:9,1
DA:11,1
DA:12,2
LF:3
LH:3
end_of_record
SF:lib/presentation/bloc/detail/movie_detail_state.dart
DA:4,7
DA:6,1
DA:7,1
DA:15,4
DA:17,1
DA:18,2
DA:25,5
DA:30,1
DA:31,3
LF:9
LH:9
end_of_record
SF:lib/presentation/bloc/detail/movie_detail_event.dart
DA:6,6
DA:8,1
DA:9,2
LF:3
LH:3
end_of_record
SF:lib/presentation/bloc/detail/movie_detail_bloc.dart
DA:13,1
DA:16,2
DA:17,2
DA:18,2
DA:20,4
DA:22,4
DA:23,1
DA:24,4
DA:25,1
DA:26,1
DA:27,4
DA:28,3
LF:12
LH:12
end_of_record
SF:lib/presentation/bloc/now_playing/now_playing_movie_state.dart
DA:4,4
DA:6,1
DA:7,1
DA:15,3
DA:17,1
DA:18,2
DA:24,2
DA:26,1
DA:27,2
LF:9
LH:9
end_of_record
SF:lib/presentation/bloc/now_playing/now_playing_movie_event.dart
DA:4,27
LF:1
LH:1
end_of_record
SF:lib/presentation/bloc/now_playing/now_playing_movie_bloc.dart
DA:13,1
DA:14,2
DA:15,2
DA:16,2
DA:18,3
DA:19,1
DA:20,4
DA:21,3
LF:8
LH:8
end_of_record
SF:lib/presentation/bloc/popular/popular_movie_state.dart
DA:4,6
DA:6,1
DA:7,1
DA:15,4
DA:17,1
DA:18,2
DA:24,3
DA:26,1
DA:27,2
LF:9
LH:9
end_of_record
SF:lib/presentation/bloc/popular/popular_movie_bloc.dart
DA:12,1
DA:14,2
DA:15,2
DA:16,2
DA:18,3
DA:19,1
DA:20,4
DA:21,3
LF:8
LH:8
end_of_record
SF:lib/presentation/bloc/popular/popular_movie_event.dart
DA:4,53
LF:1
LH:1
end_of_record
SF:lib/presentation/bloc/top_rated/top_rated_movie_state.dart
DA:4,6
DA:6,1
DA:7,1
DA:15,4
DA:17,1
DA:18,2
DA:24,3
DA:26,1
DA:27,2
LF:9
LH:9
end_of_record
SF:lib/presentation/bloc/top_rated/top_rated_movie_bloc.dart
DA:12,1
DA:14,2
DA:15,2
DA:16,2
DA:18,3
DA:19,1
DA:20,4
DA:21,3
LF:8
LH:8
end_of_record
SF:lib/presentation/bloc/top_rated/top_rated_movie_event.dart
DA:4,53
LF:1
LH:1
end_of_record
SF:lib/presentation/bloc/watchlist/movie_watchlist_event.dart
DA:4,7
DA:10,3
DA:12,1
DA:13,2
DA:19,3
DA:21,1
DA:22,2
DA:28,6
DA:30,1
DA:31,2
LF:10
LH:10
end_of_record
SF:lib/presentation/bloc/watchlist/movie_watchlist_bloc.dart
DA:17,1
DA:21,1
DA:22,2
DA:23,2
DA:24,2
DA:27,1
DA:28,4
DA:29,1
DA:30,3
DA:31,2
DA:34,4
DA:37,1
DA:38,4
DA:39,1
DA:40,3
DA:41,2
DA:44,4
DA:47,1
DA:51,4
DA:52,3
LF:20
LH:20
end_of_record
SF:lib/presentation/bloc/watchlist/movie_watchlist_state.dart
DA:7,32
DA:12,1
DA:13,3
LF:3
LH:3
end_of_record
SF:lib/presentation/pages/home_movie_page.dart
DA:8,1
DA:10,1
DA:11,1
DA:15,1
DA:17,1
DA:18,2
DA:19,2
DA:20,1
DA:21,2
DA:22,1
DA:23,2
DA:24,1
DA:28,1
DA:30,1
DA:31,1
DA:32,1
DA:34,0
DA:35,0
DA:40,1
DA:41,1
DA:42,1
DA:43,1
DA:53,1
DA:55,1
DA:56,1
DA:58,1
DA:59,1
DA:61,1
DA:63,1
DA:64,1
DA:65,1
DA:69,1
DA:70,1
DA:72,1
DA:74,1
DA:75,2
DA:81,1
DA:84,1
DA:85,1
DA:88,1
DA:89,1
DA:90,1
DA:94,1
DA:95,1
DA:97,1
DA:99,1
DA:100,2
DA:106,1
DA:109,1
DA:110,1
DA:113,1
DA:114,1
DA:115,1
DA:119,1
DA:120,1
DA:122,1
DA:124,1
DA:125,2
DA:143,1
DA:148,1
DA:150,1
DA:152,1
DA:154,1
DA:155,2
DA:157,1
DA:159,1
DA:160,3
DA:161,1
DA:162,1
DA:165,1
DA:168,1
DA:170,1
DA:171,2
DA:172,1
DA:175,0
DA:181,2
LF:76
LH:73
end_of_record
SF:lib/presentation/pages/movie_detail_page.dart
DA:11,5
DA:14,4
DA:16,4
DA:17,4
DA:21,4
DA:23,4
DA:24,8
DA:25,8
DA:26,16
DA:27,8
DA:28,16
DA:32,4
DA:34,4
DA:35,4
DA:36,4
DA:37,4
DA:41,4
DA:42,3
DA:43,3
DA:44,3
DA:45,3
DA:48,2
DA:49,4
DA:63,3
DA:65,3
DA:67,9
DA:68,3
DA:69,3
DA:70,3
DA:71,9
DA:73,3
DA:76,0
DA:78,3
DA:80,3
DA:81,3
DA:82,3
DA:92,3
DA:93,3
DA:94,3
DA:96,3
DA:98,3
DA:100,3
DA:101,3
DA:102,6
DA:103,3
DA:105,3
DA:107,1
DA:108,1
DA:109,1
DA:110,1
DA:111,2
DA:112,1
DA:113,1
DA:117,1
DA:119,1
DA:120,1
DA:121,1
DA:127,3
DA:128,3
DA:130,1
DA:131,1
DA:133,1
DA:134,3
DA:137,1
DA:138,3
DA:141,3
DA:143,3
DA:144,3
DA:153,3
DA:154,3
DA:155,18
DA:158,3
DA:159,9
DA:161,3
DA:162,3
DA:163,3
DA:164,9
DA:166,3
DA:172,12
DA:176,3
DA:178,3
DA:180,3
DA:181,6
DA:184,3
DA:186,3
DA:188,6
DA:189,1
DA:191,1
DA:193,1
DA:194,2
DA:195,1
DA:197,1
DA:200,1
DA:201,1
DA:204,1
DA:207,1
DA:212,1
DA:214,2
DA:215,1
DA:221,0
DA:228,2
DA:236,3
DA:238,3
DA:253,3
DA:255,3
DA:258,3
DA:261,1
DA:262,1
LF:108
LH:106
end_of_record
SF:lib/presentation/pages/popular_movies_page.dart
DA:7,2
DA:9,2
DA:10,2
DA:14,2
DA:16,2
DA:17,2
DA:18,8
DA:24,2
DA:26,2
DA:27,2
DA:30,2
DA:32,2
DA:33,2
DA:34,2
DA:38,2
DA:39,2
DA:41,2
DA:42,4
DA:43,2
DA:44,2
DA:45,2
DA:46,2
DA:47,2
DA:48,1
DA:49,1
DA:52,1
DA:57,4
DA:59,1
DA:60,1
DA:62,2
LF:30
LH:30
end_of_record
SF:lib/presentation/pages/top_rated_movies_page.dart
DA:7,2
DA:9,2
DA:10,2
DA:14,2
DA:16,2
DA:17,2
DA:18,8
DA:24,2
DA:26,2
DA:27,2
DA:30,2
DA:32,2
DA:33,2
DA:34,2
DA:38,2
DA:39,2
DA:41,2
DA:42,4
DA:43,2
DA:44,2
DA:45,2
DA:46,2
DA:47,2
DA:48,1
DA:49,1
DA:52,1
DA:57,4
DA:59,1
DA:60,1
DA:62,2
LF:30
LH:30
end_of_record
