SF:lib/domain/usecases/search_tv_series.dart
DA:8,1
DA:10,1
DA:11,2
LF:3
LH:3
end_of_record
SF:lib/domain/usecases/search_movies.dart
DA:8,1
DA:10,1
DA:11,2
LF:3
LH:3
end_of_record
SF:lib/presentation/bloc/search_bloc.dart
DA:18,1
DA:21,2
DA:22,1
DA:23,1
DA:24,1
DA:25,2
DA:27,2
DA:30,3
DA:31,3
DA:32,1
DA:33,1
DA:34,3
DA:36,1
DA:38,2
DA:40,2
DA:45,1
DA:49,1
DA:50,3
LF:18
LH:18
end_of_record
SF:lib/presentation/bloc/search_state.dart
DA:4,2
DA:6,1
DA:7,1
DA:17,2
DA:19,1
DA:20,2
DA:26,1
DA:28,1
DA:29,2
LF:9
LH:9
end_of_record
SF:lib/presentation/bloc/search_event.dart
DA:4,1
DA:6,0
DA:7,0
DA:14,1
DA:19,0
DA:20,0
DA:21,0
DA:22,0
LF:8
LH:2
end_of_record
