SF:lib/data/datasources/db/tv_database_helper.dart
DA:8,0
DA:12,0
DA:13,0
DA:20,0
DA:21,0
DA:25,0
DA:26,0
DA:27,0
DA:30,0
DA:31,0
DA:32,0
DA:35,0
DA:39,0
DA:40,0
DA:41,0
DA:44,0
DA:47,0
DA:48,0
DA:54,0
DA:55,0
DA:56,0
DA:61,0
DA:63,0
DA:64,0
DA:65,0
DA:66,0
DA:67,0
DA:68,0
DA:73,0
DA:74,0
DA:75,0
DA:78,0
DA:84,0
DA:85,0
DA:86,0
DA:89,0
LF:36
LH:0
end_of_record
SF:lib/data/datasources/tv_local_data_source.dart
DA:29,1
DA:32,1
DA:34,3
DA:37,2
DA:42,1
DA:44,3
DA:47,2
DA:52,1
DA:53,3
DA:56,1
DA:63,1
DA:64,3
DA:65,4
DA:69,1
DA:70,3
DA:71,3
DA:75,1
DA:76,3
DA:78,1
DA:79,4
DA:81,1
DA:86,1
DA:87,3
DA:88,3
DA:92,1
DA:93,3
DA:95,1
DA:96,4
DA:98,1
DA:103,1
DA:104,3
DA:105,3
DA:109,1
DA:110,3
DA:112,1
DA:113,4
DA:115,1
LF:37
LH:37
end_of_record
SF:lib/data/datasources/tv_remote_data_source.dart
DA:29,1
DA:32,1
DA:34,5
DA:36,2
DA:37,4
DA:39,1
DA:44,1
DA:46,5
DA:48,2
DA:49,4
DA:51,1
DA:56,1
DA:58,5
DA:60,2
DA:61,4
DA:63,1
DA:68,1
DA:69,5
DA:71,2
DA:72,3
DA:74,1
DA:79,1
DA:81,5
DA:83,2
DA:84,4
DA:86,1
DA:91,1
DA:95,3
DA:96,2
DA:99,2
DA:100,3
DA:102,1
DA:107,1
DA:108,3
DA:109,2
DA:112,2
DA:113,4
DA:115,1
LF:38
LH:38
end_of_record
SF:lib/data/models/tv_detail_model.dart
DA:8,3
DA:36,2
DA:37,2
DA:38,4
DA:39,2
DA:40,8
DA:42,2
DA:43,2
DA:44,2
DA:45,2
DA:46,2
DA:47,2
DA:48,4
DA:49,6
DA:50,10
DA:51,2
DA:52,2
DA:53,2
DA:56,2
DA:57,3
DA:58,5
DA:59,1
DA:60,1
DA:61,1
DA:62,1
DA:63,1
DA:64,1
DA:65,5
DA:66,1
DA:67,1
DA:68,1
DA:71,2
DA:72,1
DA:73,5
DA:74,1
DA:75,1
DA:76,1
DA:77,1
DA:78,1
DA:79,1
DA:80,5
DA:81,1
DA:82,1
DA:83,1
DA:86,1
DA:87,1
DA:88,1
DA:89,1
DA:90,1
DA:91,1
DA:92,1
DA:93,1
DA:94,1
DA:95,1
DA:96,1
DA:97,1
DA:98,1
DA:99,1
LF:58
LH:58
end_of_record
SF:lib/data/models/tv_model.dart
DA:6,4
DA:36,4
DA:37,2
DA:38,4
DA:39,8
DA:40,2
DA:41,2
DA:42,8
DA:43,2
DA:44,2
DA:45,2
DA:46,4
DA:47,2
DA:48,4
DA:49,2
DA:52,2
DA:53,1
DA:54,1
DA:56,3
DA:57,4
DA:58,1
DA:59,1
DA:60,4
DA:61,1
DA:62,1
DA:63,1
DA:64,1
DA:65,1
DA:66,1
DA:67,1
DA:70,2
DA:71,2
DA:72,2
DA:73,2
DA:74,2
DA:75,2
DA:76,2
DA:77,2
DA:78,2
DA:79,2
DA:80,2
DA:81,2
DA:82,2
DA:83,2
DA:84,2
DA:88,2
DA:89,2
DA:90,2
DA:91,2
DA:92,2
DA:93,2
DA:94,2
DA:95,2
DA:96,2
DA:97,2
DA:98,2
DA:99,2
DA:100,2
DA:101,2
DA:102,2
LF:60
LH:60
end_of_record
SF:lib/data/models/tv_response.dart
DA:7,2
DA:9,4
DA:10,4
DA:11,6
DA:12,6
DA:15,2
DA:16,5
DA:19,1
DA:20,2
LF:9
LH:9
end_of_record
SF:lib/data/models/tv_season_detail_model.dart
DA:7,3
DA:27,1
DA:28,1
DA:29,1
DA:30,2
DA:31,2
DA:32,3
DA:33,3
DA:34,1
DA:35,1
DA:36,1
DA:37,1
DA:38,1
DA:41,2
DA:42,1
DA:44,4
DA:45,5
DA:46,1
DA:47,1
DA:48,1
DA:49,1
DA:50,1
DA:53,2
DA:54,1
DA:55,1
DA:56,5
DA:57,1
DA:58,1
DA:59,1
DA:60,1
DA:61,1
DA:64,1
DA:65,1
DA:66,1
DA:67,1
DA:68,1
DA:69,1
DA:70,1
DA:71,1
DA:72,1
DA:73,1
LF:41
LH:41
end_of_record
SF:lib/data/models/genre_model.dart
DA:5,4
DA:13,4
DA:14,2
DA:15,2
DA:18,4
DA:19,2
DA:20,2
DA:23,1
DA:24,3
DA:27,1
DA:28,3
LF:11
LH:11
end_of_record
SF:lib/domain/entities/genre.dart
DA:4,16
DA:12,3
DA:13,9
LF:3
LH:3
end_of_record
SF:lib/data/models/tv_season_model.dart
DA:6,3
DA:24,4
DA:25,4
DA:26,2
DA:27,2
DA:28,2
DA:29,2
DA:30,2
DA:31,2
DA:34,2
DA:36,4
DA:37,1
DA:38,1
DA:39,1
DA:40,1
DA:41,1
DA:42,1
DA:45,2
DA:46,1
DA:47,1
DA:48,1
DA:49,1
DA:50,1
DA:51,1
DA:52,1
DA:55,1
DA:56,1
DA:57,1
DA:58,1
DA:59,1
DA:60,1
DA:61,1
DA:62,1
DA:63,1
LF:34
LH:34
end_of_record
SF:lib/domain/entities/tv_detail.dart
DA:6,11
DA:34,3
DA:35,3
DA:36,3
DA:37,3
DA:38,3
DA:39,3
DA:40,3
DA:41,3
DA:42,3
DA:43,3
DA:44,3
DA:45,3
DA:46,3
DA:47,3
LF:15
LH:15
end_of_record
SF:lib/data/models/tv_episode_model.dart
DA:6,4
DA:30,2
DA:31,2
DA:32,1
DA:33,1
DA:34,1
DA:35,1
DA:36,1
DA:37,1
DA:38,1
DA:39,2
DA:40,1
DA:43,4
DA:45,8
DA:46,2
DA:47,2
DA:48,2
DA:49,2
DA:50,2
DA:51,2
DA:52,2
DA:53,2
DA:54,2
DA:57,2
DA:58,1
DA:59,1
DA:60,1
DA:61,1
DA:62,1
DA:63,1
DA:64,1
DA:65,1
DA:66,1
DA:67,1
DA:70,1
DA:71,1
DA:72,1
DA:73,1
DA:74,1
DA:75,1
DA:76,1
DA:77,1
DA:78,1
DA:79,1
DA:80,1
DA:81,1
LF:46
LH:46
end_of_record
SF:lib/domain/entities/tv_episode.dart
DA:4,6
DA:28,2
DA:29,2
DA:30,2
DA:31,2
DA:32,2
DA:33,2
DA:34,2
DA:35,2
DA:36,2
DA:37,2
DA:38,2
DA:39,2
LF:13
LH:13
end_of_record
SF:lib/domain/entities/tv.dart
DA:4,6
DA:20,5
DA:41,6
DA:42,6
DA:43,6
DA:44,6
DA:45,6
DA:46,6
DA:47,6
DA:48,6
DA:49,6
DA:50,6
DA:51,6
DA:52,6
DA:53,6
DA:54,6
DA:55,6
LF:17
LH:17
end_of_record
SF:lib/domain/entities/tv_season_detail.dart
DA:5,6
DA:25,2
DA:26,2
DA:27,2
DA:28,2
DA:29,2
DA:30,2
DA:31,2
DA:32,2
DA:33,2
DA:34,2
LF:11
LH:11
end_of_record
SF:lib/domain/entities/tv_season.dart
DA:4,11
DA:22,3
DA:23,3
DA:24,3
DA:25,3
DA:26,3
DA:27,3
DA:28,3
DA:29,3
DA:30,3
LF:10
LH:10
end_of_record
SF:lib/data/models/tv_table.dart
DA:12,17
DA:19,2
DA:20,1
DA:21,1
DA:22,1
DA:23,1
DA:26,2
DA:27,1
DA:28,1
DA:29,1
DA:30,1
DA:33,2
DA:34,1
DA:35,1
DA:36,1
DA:37,1
DA:40,2
DA:41,1
DA:42,1
DA:43,1
DA:44,1
DA:47,2
DA:48,1
DA:49,1
DA:50,1
DA:51,1
DA:54,2
DA:55,10
LF:28
LH:28
end_of_record
SF:lib/data/repositories/tv_repository_impl.dart
DA:18,1
DA:25,1
DA:26,3
DA:28,3
DA:30,2
DA:31,4
DA:33,5
DA:34,1
DA:35,2
DA:39,3
DA:40,5
DA:41,1
DA:42,3
DA:48,1
DA:49,3
DA:51,3
DA:53,2
DA:54,4
DA:56,5
DA:57,1
DA:58,2
DA:62,3
DA:63,5
DA:64,1
DA:65,3
DA:71,1
DA:72,3
DA:74,3
DA:76,2
DA:77,4
DA:79,5
DA:80,1
DA:81,2
DA:85,3
DA:86,5
DA:87,1
DA:88,3
DA:94,1
DA:96,3
DA:97,2
DA:98,1
DA:99,2
DA:100,1
DA:101,2
DA:106,1
DA:108,3
DA:109,3
DA:110,1
DA:111,2
DA:112,1
DA:113,2
DA:118,1
DA:123,3
DA:127,2
DA:128,1
DA:129,2
DA:130,1
DA:131,2
DA:136,1
DA:138,3
DA:139,5
DA:140,1
DA:141,2
DA:142,1
DA:143,2
DA:148,1
DA:151,4
DA:152,1
DA:153,1
DA:154,3
DA:161,1
DA:164,4
DA:165,1
DA:166,1
DA:167,3
DA:174,1
DA:175,3
DA:180,1
DA:181,3
DA:182,5
LF:80
LH:80
end_of_record
SF:lib/domain/usecases/get_on_air_tv_series.dart
DA:9,1
DA:11,1
DA:12,2
LF:3
LH:3
end_of_record
SF:lib/domain/usecases/get_popular_tv_series.dart
DA:9,1
DA:11,1
DA:12,2
LF:3
LH:3
end_of_record
SF:lib/domain/usecases/get_top_rated_tv_series.dart
DA:9,1
DA:11,1
DA:12,2
LF:3
LH:3
end_of_record
SF:lib/domain/usecases/get_tv_detail.dart
DA:9,1
DA:11,1
DA:12,2
LF:3
LH:3
end_of_record
SF:lib/domain/usecases/get_tv_recommendation.dart
DA:9,1
DA:11,1
DA:12,2
LF:3
LH:3
end_of_record
SF:lib/domain/usecases/get_tv_season_detail.dart
DA:9,1
DA:11,1
DA:12,2
LF:3
LH:3
end_of_record
SF:lib/domain/usecases/get_tv_watchlist_status.dart
DA:6,1
DA:8,1
DA:9,2
LF:3
LH:3
end_of_record
SF:lib/domain/usecases/get_watchlist_tv_series.dart
DA:9,1
DA:11,1
DA:12,2
LF:3
LH:3
end_of_record
SF:lib/domain/usecases/remove_tv_watchlist.dart
DA:9,1
DA:11,1
DA:12,2
LF:3
LH:3
end_of_record
SF:lib/domain/usecases/save_tv_watchlist.dart
DA:9,1
DA:11,1
DA:12,2
LF:3
LH:3
end_of_record
SF:lib/presentation/bloc/detail/tv_series_detail_event.dart
DA:6,6
DA:8,1
DA:9,2
LF:3
LH:3
end_of_record
SF:lib/presentation/bloc/detail/tv_series_detail_state.dart
DA:4,7
DA:6,1
DA:7,1
DA:15,4
DA:17,1
DA:18,2
DA:25,4
DA:30,1
DA:31,3
LF:9
LH:9
end_of_record
SF:lib/presentation/bloc/detail/tv_series_detail_bloc.dart
DA:14,1
DA:17,2
DA:18,2
DA:19,2
DA:21,4
DA:22,4
DA:23,1
DA:24,4
DA:25,1
DA:26,1
DA:27,4
DA:28,3
LF:12
LH:12
end_of_record
SF:lib/presentation/bloc/episode_panel/tv_episode_panel_state.dart
DA:6,36
DA:8,1
DA:9,2
LF:3
LH:3
end_of_record
SF:lib/presentation/bloc/episode_panel/tv_episode_panel_bloc.dart
DA:10,2
DA:11,2
DA:12,2
DA:13,2
DA:16,1
DA:17,3
DA:18,2
DA:19,2
DA:22,1
DA:23,3
DA:24,1
DA:26,1
DA:27,1
DA:28,2
DA:32,1
DA:33,1
LF:16
LH:16
end_of_record
SF:lib/presentation/bloc/episode_panel/tv_episode_panel_event.dart
DA:4,35
DA:6,0
DA:7,0
DA:13,3
DA:15,1
DA:16,2
DA:22,3
DA:24,1
DA:25,2
DA:29,33
LF:10
LH:8
end_of_record
SF:lib/presentation/bloc/now_playing/now_playing_tv_series_bloc.dart
DA:13,1
DA:15,2
DA:16,2
DA:17,2
DA:19,3
DA:20,1
DA:21,4
DA:22,3
LF:8
LH:8
end_of_record
SF:lib/presentation/bloc/now_playing/now_playing_tv_series_state.dart
DA:4,4
DA:6,1
DA:7,1
DA:15,3
DA:17,1
DA:18,2
DA:24,2
DA:26,1
DA:27,2
LF:9
LH:9
end_of_record
SF:lib/presentation/bloc/now_playing/now_playing_tv_series_event.dart
DA:4,34
LF:1
LH:1
end_of_record
SF:lib/presentation/bloc/popular/popular_tv_series_state.dart
DA:4,6
DA:6,1
DA:7,1
DA:15,4
DA:17,1
DA:18,2
DA:24,3
DA:26,1
DA:27,2
LF:9
LH:9
end_of_record
SF:lib/presentation/bloc/popular/popular_tv_series_bloc.dart
DA:13,1
DA:15,2
DA:16,2
DA:17,2
DA:19,3
DA:20,1
DA:21,4
DA:22,3
LF:8
LH:8
end_of_record
SF:lib/presentation/bloc/popular/popular_tv_series_event.dart
DA:4,66
LF:1
LH:1
end_of_record
SF:lib/presentation/bloc/season_detail/tv_season_detail_event.dart
DA:7,4
DA:9,1
DA:10,3
LF:3
LH:3
end_of_record
SF:lib/presentation/bloc/season_detail/tv_season_detail_state.dart
DA:4,5
DA:6,1
DA:7,1
DA:16,3
DA:18,1
DA:19,3
DA:25,3
DA:27,1
DA:28,2
LF:9
LH:9
end_of_record
SF:lib/presentation/bloc/season_detail/tv_season_detail_bloc.dart
DA:14,1
DA:17,2
DA:18,2
DA:19,2
DA:21,4
DA:22,3
DA:23,1
DA:24,1
DA:26,1
DA:27,4
DA:28,1
DA:29,1
DA:30,4
DA:31,1
DA:32,2
LF:15
LH:15
end_of_record
SF:lib/presentation/bloc/top_rated/top_rated_tv_series_state.dart
DA:4,6
DA:6,1
DA:7,1
DA:15,4
DA:17,1
DA:18,2
DA:24,3
DA:26,1
DA:27,2
LF:9
LH:9
end_of_record
SF:lib/presentation/bloc/top_rated/top_rated_tv_series_bloc.dart
DA:13,1
DA:15,2
DA:16,2
DA:17,2
DA:19,3
DA:20,1
DA:21,4
DA:22,3
LF:8
LH:8
end_of_record
SF:lib/presentation/bloc/top_rated/top_rated_tv_series_event.dart
DA:4,66
LF:1
LH:1
end_of_record
SF:lib/presentation/bloc/watchlist/tv_series_watchlist_state.dart
DA:7,38
DA:12,1
DA:13,3
LF:3
LH:3
end_of_record
SF:lib/presentation/bloc/watchlist/tv_series_watchlist_event.dart
DA:4,6
DA:10,2
DA:12,1
DA:13,2
DA:19,2
DA:21,1
DA:22,2
DA:28,6
DA:30,1
DA:31,2
LF:10
LH:10
end_of_record
SF:lib/presentation/bloc/watchlist/tv_series_watchlist_bloc.dart
DA:17,1
DA:21,1
DA:22,2
DA:23,2
DA:24,2
DA:27,1
DA:28,4
DA:29,1
DA:30,3
DA:31,2
DA:34,4
DA:37,1
DA:38,4
DA:39,1
DA:40,3
DA:41,2
DA:44,4
DA:47,1
DA:51,4
DA:52,3
LF:20
LH:20
end_of_record
SF:lib/presentation/pages/home_tv_page.dart
DA:8,1
DA:10,1
DA:11,1
DA:15,1
DA:17,1
DA:18,2
DA:19,3
DA:22,3
DA:25,3
DA:31,1
DA:33,1
DA:34,1
DA:35,1
DA:37,0
DA:38,0
DA:43,1
DA:44,1
DA:45,1
DA:46,1
DA:56,1
DA:58,1
DA:59,1
DA:61,1
DA:62,1
DA:64,1
DA:66,1
DA:67,1
DA:68,1
DA:72,1
DA:73,1
DA:75,1
DA:77,1
DA:78,2
DA:84,1
DA:87,1
DA:88,1
DA:91,1
DA:92,1
DA:93,1
DA:97,1
DA:98,1
DA:100,1
DA:102,1
DA:103,2
DA:109,1
DA:112,1
DA:113,1
DA:116,1
DA:117,1
DA:118,1
DA:122,1
DA:123,1
DA:125,1
DA:127,1
DA:128,2
DA:146,1
DA:151,1
DA:153,1
DA:155,1
DA:157,1
DA:158,2
DA:160,1
DA:162,1
DA:163,3
DA:164,1
DA:165,1
DA:168,1
DA:171,1
DA:173,1
DA:175,2
DA:176,1
DA:179,0
DA:185,2
LF:73
LH:70
end_of_record
SF:lib/presentation/pages/popular_tv_series_page.dart
DA:7,2
DA:9,2
DA:10,2
DA:14,2
DA:16,2
DA:17,2
DA:18,8
DA:24,2
DA:26,2
DA:27,2
DA:30,2
DA:32,2
DA:33,2
DA:34,2
DA:38,2
DA:39,2
DA:41,2
DA:42,4
DA:43,2
DA:44,2
DA:45,2
DA:46,2
DA:47,2
DA:48,1
DA:49,1
DA:52,1
DA:57,4
DA:59,1
DA:60,1
DA:62,2
LF:30
LH:30
end_of_record
SF:lib/presentation/pages/top_rated_tv_series_page.dart
DA:7,2
DA:9,2
DA:10,2
DA:14,2
DA:16,2
DA:17,2
DA:18,8
DA:24,2
DA:26,2
DA:27,2
DA:30,2
DA:32,2
DA:33,2
DA:34,2
DA:38,2
DA:39,2
DA:41,2
DA:42,4
DA:43,2
DA:44,2
DA:45,2
DA:46,2
DA:47,2
DA:48,1
DA:49,1
DA:52,1
DA:57,4
DA:59,1
DA:60,1
DA:62,2
LF:30
LH:30
end_of_record
SF:lib/presentation/pages/tv_detail_page.dart
DA:11,5
DA:14,4
DA:16,4
DA:17,4
DA:21,4
DA:23,4
DA:24,8
DA:25,24
DA:26,24
DA:30,4
DA:32,4
DA:33,4
DA:34,4
DA:35,4
DA:39,4
DA:40,3
DA:41,3
DA:42,3
DA:43,3
DA:46,2
DA:47,4
DA:61,3
DA:63,3
DA:65,9
DA:66,3
DA:67,3
DA:68,3
DA:69,9
DA:71,3
DA:74,0
DA:76,3
DA:78,3
DA:80,3
DA:81,3
DA:91,3
DA:92,3
DA:93,3
DA:95,3
DA:97,3
DA:99,3
DA:100,3
DA:101,6
DA:102,3
DA:104,3
DA:106,1
DA:107,1
DA:108,1
DA:109,1
DA:110,2
DA:111,1
DA:112,1
DA:116,1
DA:118,1
DA:119,1
DA:120,1
DA:126,3
DA:127,3
DA:129,1
DA:130,1
DA:132,1
DA:133,3
DA:136,1
DA:137,3
DA:140,3
DA:142,3
DA:143,3
DA:152,3
DA:153,3
DA:154,18
DA:157,3
DA:158,3
DA:159,3
DA:160,9
DA:162,3
DA:168,12
DA:172,3
DA:174,3
DA:176,3
DA:177,6
DA:180,3
DA:182,3
DA:184,3
DA:186,3
DA:188,3
DA:189,9
DA:191,3
DA:193,3
DA:194,6
DA:195,1
DA:196,1
DA:199,1
DA:200,2
DA:201,1
DA:205,3
DA:209,3
DA:211,6
DA:212,3
DA:216,0
DA:223,9
DA:227,3
DA:229,3
DA:231,6
DA:232,1
DA:234,1
DA:236,1
DA:237,2
DA:238,1
DA:240,1
DA:243,1
DA:244,1
DA:247,1
DA:250,1
DA:255,1
DA:257,2
DA:258,1
DA:264,0
DA:271,2
DA:279,3
DA:281,3
DA:296,3
DA:298,3
DA:301,3
DA:304,1
DA:305,1
LF:124
LH:121
end_of_record
SF:lib/presentation/pages/tv_season_detail_page.dart
DA:12,2
DA:16,1
DA:18,2
DA:19,2
DA:23,2
DA:25,2
DA:26,4
DA:27,6
DA:28,10
DA:30,6
DA:34,2
DA:36,6
DA:38,2
DA:39,2
DA:40,2
DA:41,2
DA:45,2
DA:46,2
DA:47,2
DA:48,2
DA:49,2
DA:50,2
DA:51,4
DA:53,2
DA:56,0
DA:59,2
DA:61,2
DA:62,2
DA:63,2
DA:74,2
DA:75,2
DA:76,4
DA:77,2
DA:82,2
DA:83,2
DA:89,2
DA:91,2
DA:106,2
DA:108,2
DA:111,2
DA:113,1
DA:114,1
DA:122,1
DA:123,2
DA:132,2
DA:137,2
DA:139,2
DA:141,2
DA:143,2
DA:144,2
DA:145,2
DA:146,2
DA:148,2
DA:149,2
DA:150,2
DA:153,2
DA:154,6
DA:155,4
DA:161,2
DA:163,2
DA:165,2
DA:166,4
DA:167,2
DA:171,2
DA:173,2
DA:176,4
DA:183,2
DA:184,2
DA:185,2
DA:186,2
DA:187,2
DA:188,2
DA:189,4
DA:190,2
DA:191,2
DA:192,4
DA:196,1
DA:197,2
DA:198,2
DA:205,2
DA:210,2
DA:211,2
DA:212,2
DA:214,2
DA:216,2
DA:217,2
DA:218,4
DA:223,2
DA:228,2
DA:229,2
DA:230,6
DA:231,2
DA:234,2
DA:235,2
DA:237,2
DA:238,4
DA:239,2
DA:247,2
DA:248,2
DA:249,4
DA:254,6
DA:255,2
DA:256,2
DA:257,2
DA:258,4
DA:260,2
DA:266,6
DA:270,2
DA:272,2
DA:274,2
DA:275,2
DA:276,2
DA:281,1
DA:284,1
DA:286,1
LF:115
LH:114
end_of_record
