SF:lib/presentation/bloc/movie/watchlist_movie_event.dart
DA:4,4
LF:1
LH:1
end_of_record
SF:lib/presentation/bloc/movie/watchlist_movie_state.dart
DA:4,4
DA:6,1
DA:7,1
DA:17,2
DA:19,1
DA:20,2
DA:26,3
DA:28,1
DA:29,2
LF:9
LH:9
end_of_record
SF:lib/presentation/bloc/movie/watchlist_movie_bloc.dart
DA:13,1
DA:15,2
DA:16,2
DA:17,2
DA:19,3
DA:20,1
DA:21,4
DA:22,1
DA:23,1
DA:24,2
DA:26,2
LF:11
LH:11
end_of_record
SF:lib/presentation/bloc/tv_series/watchlist_tv_series_state.dart
DA:4,4
DA:6,1
DA:7,1
DA:17,2
DA:19,1
DA:20,2
DA:26,3
DA:28,1
DA:29,2
LF:9
LH:9
end_of_record
SF:lib/presentation/bloc/tv_series/watchlist_tv_series_event.dart
DA:4,4
LF:1
LH:1
end_of_record
SF:lib/presentation/bloc/tv_series/watchlist_tv_series_bloc.dart
DA:13,1
DA:15,2
DA:16,2
DA:17,2
DA:19,3
DA:20,1
DA:21,4
DA:22,1
DA:23,1
DA:24,2
DA:26,2
LF:11
LH:11
end_of_record
SF:lib/presentation/pages/watchlist_page.dart
DA:7,1
DA:9,1
DA:10,1
DA:14,1
DA:16,1
DA:17,2
DA:18,3
DA:19,3
DA:23,1
DA:25,1
DA:26,4
DA:29,0
DA:31,0
DA:32,0
DA:35,1
DA:37,1
DA:39,1
DA:40,1
DA:55,1
DA:56,1
DA:57,1
DA:58,1
DA:65,1
DA:66,1
DA:68,1
DA:69,1
DA:70,1
DA:74,1
DA:75,1
DA:77,1
DA:78,2
DA:79,1
DA:80,2
DA:81,1
DA:82,1
DA:83,1
DA:84,1
DA:85,1
DA:86,1
DA:89,1
DA:94,2
DA:96,1
DA:97,1
DA:98,1
DA:102,1
DA:111,1
DA:112,1
DA:114,1
DA:115,1
DA:116,1
DA:120,1
DA:121,1
DA:123,1
DA:124,2
DA:125,1
DA:126,2
DA:127,1
DA:128,1
DA:129,1
DA:130,1
DA:131,1
DA:132,1
DA:135,1
DA:140,2
DA:142,1
DA:143,1
DA:144,1
DA:148,1
DA:157,1
DA:161,1
DA:163,2
DA:167,1
DA:169,2
DA:170,1
LF:74
LH:71
end_of_record
