SF:lib/common/exception.dart
DA:6,4
DA:12,4
LF:2
LH:2
end_of_record
SF:lib/data/datasources/tv/tv_local_data_source.dart
DA:30,1
DA:33,1
DA:35,3
DA:38,2
DA:43,1
DA:45,3
DA:48,2
DA:53,1
DA:54,3
DA:57,1
DA:64,1
DA:65,3
DA:66,4
DA:70,1
DA:71,3
DA:72,3
DA:76,1
DA:77,3
DA:79,2
DA:80,4
DA:82,1
DA:87,1
DA:88,3
DA:89,3
DA:93,1
DA:94,3
DA:96,2
DA:97,4
DA:99,1
DA:104,1
DA:105,3
DA:106,3
DA:110,1
DA:111,3
DA:113,2
DA:114,4
DA:116,1
LF:37
LH:37
end_of_record
SF:lib/data/models/movie_table.dart
DA:12,3
DA:19,2
DA:20,1
DA:21,1
DA:22,1
DA:23,1
DA:26,2
DA:27,1
DA:28,1
DA:29,1
DA:30,1
DA:33,2
DA:34,1
DA:35,1
DA:36,1
DA:37,1
DA:40,2
DA:41,1
DA:42,1
DA:43,1
DA:44,1
DA:47,2
DA:48,1
DA:49,1
DA:50,1
DA:51,1
DA:54,2
DA:55,10
LF:28
LH:28
end_of_record
SF:lib/data/models/tv_table.dart
DA:12,3
DA:19,2
DA:20,1
DA:21,1
DA:22,1
DA:23,1
DA:26,2
DA:27,1
DA:28,1
DA:29,1
DA:30,1
DA:33,2
DA:34,1
DA:35,1
DA:36,1
DA:37,1
DA:40,2
DA:41,1
DA:42,1
DA:43,1
DA:44,1
DA:47,2
DA:48,1
DA:49,1
DA:50,1
DA:51,1
DA:54,2
DA:55,10
LF:28
LH:28
end_of_record
SF:lib/domain/entities/genre.dart
DA:4,14
DA:12,2
DA:13,6
LF:3
LH:3
end_of_record
SF:lib/domain/entities/movie.dart
DA:4,8
DA:20,5
DA:41,2
DA:42,2
DA:43,2
DA:44,2
DA:45,2
DA:46,2
DA:47,2
DA:48,2
DA:49,2
DA:50,2
DA:51,2
DA:52,2
DA:53,2
DA:54,2
DA:55,2
LF:17
LH:17
end_of_record
SF:lib/domain/entities/movie_detail.dart
DA:5,6
DA:33,1
DA:34,1
DA:35,1
DA:36,1
DA:37,1
DA:38,1
DA:39,1
DA:40,1
DA:41,1
DA:42,1
DA:43,1
DA:44,1
DA:45,1
LF:14
LH:14
end_of_record
SF:lib/domain/entities/tv.dart
DA:4,7
DA:20,5
DA:41,2
DA:42,2
DA:43,2
DA:44,2
DA:45,2
DA:46,2
DA:47,2
DA:48,2
DA:49,2
DA:50,2
DA:51,2
DA:52,2
DA:53,2
DA:54,2
DA:55,2
LF:17
LH:17
end_of_record
SF:lib/domain/entities/tv_detail.dart
DA:6,8
DA:34,1
DA:35,1
DA:36,1
DA:37,1
DA:38,1
DA:39,1
DA:40,1
DA:41,1
DA:42,1
DA:43,1
DA:44,1
DA:45,1
DA:46,1
DA:47,1
LF:15
LH:15
end_of_record
SF:lib/domain/entities/tv_episode.dart
DA:4,4
DA:28,1
DA:29,1
DA:30,1
DA:31,1
DA:32,1
DA:33,1
DA:34,1
DA:35,1
DA:36,1
DA:37,1
DA:38,1
DA:39,1
LF:13
LH:13
end_of_record
SF:lib/domain/entities/tv_season.dart
DA:4,8
DA:22,1
DA:23,1
DA:24,1
DA:25,1
DA:26,1
DA:27,1
DA:28,1
DA:29,1
DA:30,1
LF:10
LH:10
end_of_record
SF:lib/domain/entities/tv_season_detail.dart
DA:5,4
DA:25,1
DA:26,1
DA:27,1
DA:28,1
DA:29,1
DA:30,1
DA:31,1
DA:32,1
DA:33,1
DA:34,1
LF:11
LH:11
end_of_record
SF:lib/common/failure.dart
DA:6,14
DA:8,2
DA:9,4
DA:13,24
DA:17,4
DA:21,12
DA:25,4
LF:7
LH:7
end_of_record
SF:lib/common/network_info.dart
DA:10,0
DA:12,0
DA:13,0
LF:3
LH:0
end_of_record
SF:lib/data/datasources/db/database_helper.dart
DA:10,0
DA:14,0
DA:18,0
DA:20,0
DA:30,0
DA:31,0
DA:32,0
DA:34,0
DA:38,0
DA:39,0
DA:46,0
DA:48,0
DA:55,0
DA:57,0
DA:66,0
DA:68,0
DA:77,0
DA:80,0
DA:81,0
DA:82,0
DA:85,0
DA:86,0
DA:87,0
DA:90,0
DA:91,0
DA:92,0
DA:95,0
DA:99,0
DA:100,0
DA:101,0
DA:104,0
DA:108,0
DA:109,0
DA:110,0
DA:113,0
DA:116,0
DA:117,0
DA:123,0
DA:124,0
DA:125,0
DA:128,0
DA:131,0
DA:132,0
DA:138,0
DA:139,0
DA:141,0
DA:146,0
DA:147,0
DA:148,0
DA:153,0
DA:155,0
DA:156,0
DA:157,0
DA:158,0
DA:159,0
DA:160,0
DA:165,0
DA:167,0
DA:168,0
DA:169,0
DA:170,0
DA:171,0
DA:172,0
DA:177,0
DA:178,0
DA:179,0
DA:182,0
DA:188,0
DA:189,0
DA:190,0
DA:193,0
DA:199,0
DA:200,0
DA:201,0
DA:204,0
DA:208,0
DA:209,0
DA:210,0
DA:213,0
LF:79
LH:0
end_of_record
SF:lib/data/datasources/movie/movie_local_data_source.dart
DA:21,1
DA:24,1
DA:26,3
DA:29,2
DA:34,1
DA:36,3
DA:39,2
DA:44,1
DA:45,3
DA:47,1
DA:54,1
DA:55,3
DA:56,4
DA:60,1
DA:61,3
DA:62,3
DA:66,1
DA:67,3
DA:69,2
DA:70,4
DA:72,1
DA:77,1
DA:78,3
DA:79,3
DA:83,1
DA:84,3
DA:86,2
DA:87,4
DA:89,1
DA:94,1
DA:95,3
DA:96,3
DA:100,1
DA:101,3
DA:103,2
DA:104,4
DA:106,1
LF:37
LH:37
end_of_record
SF:lib/data/datasources/movie/movie_remote_data_source.dart
DA:22,1
DA:25,1
DA:27,5
DA:29,2
DA:30,4
DA:32,1
DA:37,1
DA:39,5
DA:41,2
DA:42,3
DA:44,1
DA:49,1
DA:50,2
DA:51,3
DA:53,2
DA:54,4
DA:56,1
DA:61,1
DA:63,5
DA:65,2
DA:66,4
DA:68,1
DA:73,1
DA:75,5
DA:77,2
DA:78,4
DA:80,1
DA:85,1
DA:86,2
DA:87,3
DA:89,2
DA:90,4
DA:92,1
LF:33
LH:33
end_of_record
SF:lib/data/datasources/tv/tv_remote_data_source.dart
DA:30,1
DA:33,1
DA:35,5
DA:37,2
DA:38,4
DA:40,1
DA:45,1
DA:47,5
DA:49,2
DA:50,4
DA:52,1
DA:57,1
DA:59,5
DA:61,2
DA:62,4
DA:64,1
DA:69,1
DA:70,5
DA:72,2
DA:73,3
DA:75,1
DA:80,1
DA:81,2
DA:82,3
DA:84,2
DA:85,4
DA:87,1
DA:92,1
DA:96,3
DA:97,2
DA:100,2
DA:101,3
DA:103,1
DA:108,1
DA:109,3
DA:110,2
DA:113,2
DA:114,4
DA:116,1
LF:39
LH:39
end_of_record
SF:lib/data/models/movie_detail_model.dart
DA:6,3
DA:52,2
DA:53,2
DA:54,2
DA:55,2
DA:56,2
DA:57,2
DA:58,8
DA:59,2
DA:60,2
DA:61,2
DA:62,2
DA:63,2
DA:64,2
DA:65,4
DA:66,2
DA:67,2
DA:68,2
DA:69,2
DA:70,2
DA:71,2
DA:72,2
DA:73,2
DA:74,4
DA:75,2
DA:78,2
DA:79,1
DA:80,1
DA:81,1
DA:82,5
DA:83,1
DA:84,1
DA:85,1
DA:86,1
DA:87,1
DA:88,1
DA:89,1
DA:90,1
DA:91,1
DA:92,1
DA:93,1
DA:94,1
DA:95,1
DA:96,1
DA:97,1
DA:98,1
DA:99,1
DA:102,1
DA:103,1
DA:104,1
DA:105,1
DA:106,5
DA:107,1
DA:108,1
DA:109,1
DA:110,1
DA:111,1
DA:112,1
DA:113,1
DA:114,1
DA:115,1
DA:119,1
DA:121,1
DA:122,1
DA:123,1
DA:124,1
DA:125,1
DA:126,1
DA:127,1
DA:128,1
DA:129,1
DA:130,1
DA:131,1
DA:132,1
DA:133,1
DA:134,1
DA:135,1
DA:136,1
DA:137,1
DA:138,1
DA:139,1
DA:140,1
DA:141,1
DA:142,1
LF:84
LH:84
end_of_record
SF:lib/data/models/movie_model.dart
DA:5,4
DA:35,4
DA:36,2
DA:37,2
DA:38,8
DA:39,2
DA:40,2
DA:41,2
DA:42,4
DA:43,2
DA:44,2
DA:45,2
DA:46,2
DA:47,4
DA:48,2
DA:51,2
DA:52,1
DA:53,1
DA:54,4
DA:55,1
DA:56,1
DA:57,1
DA:58,1
DA:59,1
DA:60,1
DA:61,1
DA:62,1
DA:63,1
DA:64,1
DA:67,2
DA:68,2
DA:69,2
DA:70,2
DA:71,2
DA:72,2
DA:73,2
DA:74,2
DA:75,2
DA:76,2
DA:77,2
DA:78,2
DA:79,2
DA:80,2
DA:81,2
DA:85,2
DA:86,2
DA:87,2
DA:88,2
DA:89,2
DA:90,2
DA:91,2
DA:92,2
DA:93,2
DA:94,2
DA:95,2
DA:96,2
DA:97,2
DA:98,2
DA:99,2
LF:59
LH:59
end_of_record
SF:lib/data/models/tv_detail_model.dart
DA:8,3
DA:36,2
DA:37,2
DA:38,4
DA:39,2
DA:40,8
DA:42,2
DA:43,2
DA:44,2
DA:45,2
DA:46,2
DA:47,2
DA:48,4
DA:49,6
DA:50,10
DA:51,2
DA:52,2
DA:53,2
DA:56,2
DA:57,3
DA:58,5
DA:59,1
DA:60,1
DA:61,1
DA:62,1
DA:63,1
DA:64,1
DA:65,5
DA:66,1
DA:67,1
DA:68,1
DA:71,2
DA:72,1
DA:73,5
DA:74,1
DA:75,1
DA:76,1
DA:77,1
DA:78,1
DA:79,1
DA:80,5
DA:81,1
DA:82,1
DA:83,1
DA:86,1
DA:87,1
DA:88,1
DA:89,1
DA:90,1
DA:91,1
DA:92,1
DA:93,1
DA:94,1
DA:95,1
DA:96,1
DA:97,1
DA:98,1
DA:99,1
LF:58
LH:58
end_of_record
SF:lib/data/models/tv_model.dart
DA:6,4
DA:36,4
DA:37,2
DA:38,4
DA:39,8
DA:40,2
DA:41,2
DA:42,8
DA:43,2
DA:44,2
DA:45,2
DA:46,4
DA:47,2
DA:48,4
DA:49,2
DA:52,2
DA:53,1
DA:54,1
DA:56,3
DA:57,4
DA:58,1
DA:59,1
DA:60,4
DA:61,1
DA:62,1
DA:63,1
DA:64,1
DA:65,1
DA:66,1
DA:67,1
DA:70,2
DA:71,2
DA:72,2
DA:73,2
DA:74,2
DA:75,2
DA:76,2
DA:77,2
DA:78,2
DA:79,2
DA:80,2
DA:81,2
DA:82,2
DA:83,2
DA:84,2
DA:88,2
DA:89,2
DA:90,2
DA:91,2
DA:92,2
DA:93,2
DA:94,2
DA:95,2
DA:96,2
DA:97,2
DA:98,2
DA:99,2
DA:100,2
DA:101,2
DA:102,2
LF:60
LH:60
end_of_record
SF:lib/data/models/tv_season_detail_model.dart
DA:7,3
DA:27,1
DA:28,1
DA:29,1
DA:30,2
DA:31,1
DA:32,4
DA:33,1
DA:34,1
DA:35,1
DA:36,1
DA:37,1
DA:40,2
DA:41,1
DA:43,4
DA:44,5
DA:45,1
DA:46,1
DA:47,1
DA:48,1
DA:49,1
DA:52,2
DA:53,1
DA:54,1
DA:55,5
DA:56,1
DA:57,1
DA:58,1
DA:59,1
DA:60,1
DA:63,1
DA:64,1
DA:65,1
DA:66,1
DA:67,1
DA:68,1
DA:69,1
DA:70,1
DA:71,1
DA:72,1
LF:40
LH:40
end_of_record
SF:lib/common/constants.dart
DA:20,6
DA:21,3
DA:22,21
DA:24,3
DA:26,3
DA:30,0
DA:31,0
DA:32,0
DA:33,0
DA:34,0
LF:10
LH:5
end_of_record
SF:lib/data/models/movie_response.dart
DA:7,2
DA:9,4
DA:10,4
DA:11,6
DA:12,6
DA:15,2
DA:16,5
DA:19,1
DA:20,2
LF:9
LH:9
end_of_record
SF:lib/data/models/tv_response.dart
DA:7,2
DA:9,4
DA:10,4
DA:11,6
DA:12,6
DA:15,2
DA:16,5
DA:19,1
DA:20,2
LF:9
LH:9
end_of_record
SF:lib/data/models/genre_model.dart
DA:5,7
DA:13,8
DA:14,4
DA:15,4
DA:18,6
DA:19,3
DA:20,3
DA:23,2
DA:24,6
DA:27,2
DA:28,6
LF:11
LH:11
end_of_record
SF:lib/data/models/tv_season_model.dart
DA:6,3
DA:24,4
DA:25,4
DA:26,2
DA:27,2
DA:28,2
DA:29,2
DA:30,2
DA:31,2
DA:34,2
DA:36,4
DA:37,1
DA:38,1
DA:39,1
DA:40,1
DA:41,1
DA:42,1
DA:45,2
DA:46,1
DA:47,1
DA:48,1
DA:49,1
DA:50,1
DA:51,1
DA:52,1
DA:55,1
DA:56,1
DA:57,1
DA:58,1
DA:59,1
DA:60,1
DA:61,1
DA:62,1
DA:63,1
LF:34
LH:34
end_of_record
SF:lib/data/models/tv_episode_model.dart
DA:6,4
DA:30,2
DA:31,2
DA:32,1
DA:33,1
DA:34,1
DA:35,1
DA:36,1
DA:37,1
DA:38,1
DA:39,2
DA:40,1
DA:43,4
DA:44,8
DA:45,2
DA:46,2
DA:47,2
DA:48,2
DA:49,2
DA:50,2
DA:51,2
DA:52,2
DA:53,2
DA:56,2
DA:57,1
DA:58,1
DA:59,1
DA:60,1
DA:61,1
DA:62,1
DA:63,1
DA:64,1
DA:65,1
DA:66,1
DA:69,1
DA:70,1
DA:71,1
DA:72,1
DA:73,1
DA:74,1
DA:75,1
DA:76,1
DA:77,1
DA:78,1
DA:79,1
DA:80,1
LF:46
LH:46
end_of_record
SF:lib/data/repositories/movie_repository_impl.dart
DA:19,1
DA:26,1
DA:27,3
DA:29,3
DA:31,2
DA:32,4
DA:34,5
DA:35,1
DA:36,2
DA:40,3
DA:41,5
DA:42,1
DA:43,3
DA:49,1
DA:51,3
DA:52,2
DA:53,1
DA:54,2
DA:55,1
DA:56,2
DA:61,1
DA:63,3
DA:64,3
DA:65,1
DA:66,2
DA:67,1
DA:68,2
DA:73,1
DA:74,3
DA:76,3
DA:78,2
DA:79,4
DA:81,5
DA:82,1
DA:83,2
DA:87,3
DA:88,5
DA:89,1
DA:90,3
DA:96,1
DA:97,3
DA:99,3
DA:101,2
DA:102,4
DA:104,5
DA:105,1
DA:106,2
DA:110,3
DA:111,5
DA:112,1
DA:113,3
DA:119,1
DA:121,3
DA:122,5
DA:123,1
DA:124,2
DA:125,1
DA:126,2
DA:131,1
DA:134,4
DA:135,1
DA:136,1
DA:137,3
DA:144,1
DA:147,4
DA:148,1
DA:149,1
DA:150,3
DA:155,1
DA:156,3
DA:161,1
DA:162,3
DA:163,5
LF:73
LH:73
end_of_record
SF:lib/data/repositories/tv_repository_impl.dart
DA:20,1
DA:27,1
DA:28,3
DA:30,3
DA:32,2
DA:33,4
DA:35,5
DA:36,1
DA:37,2
DA:41,3
DA:42,5
DA:43,1
DA:44,3
DA:50,1
DA:51,3
DA:53,3
DA:55,2
DA:56,4
DA:58,5
DA:59,1
DA:60,2
DA:64,3
DA:65,5
DA:66,1
DA:67,3
DA:73,1
DA:74,3
DA:76,3
DA:78,2
DA:79,4
DA:81,5
DA:82,1
DA:83,2
DA:87,3
DA:88,5
DA:89,1
DA:90,3
DA:96,1
DA:98,3
DA:99,2
DA:100,1
DA:101,2
DA:102,1
DA:103,2
DA:108,1
DA:110,3
DA:111,3
DA:112,1
DA:113,2
DA:114,1
DA:115,2
DA:120,1
DA:125,3
DA:129,2
DA:130,1
DA:131,2
DA:132,1
DA:133,2
DA:138,1
DA:140,3
DA:141,5
DA:142,1
DA:143,2
DA:144,1
DA:145,2
DA:150,1
DA:153,4
DA:154,1
DA:155,1
DA:156,3
DA:163,1
DA:166,4
DA:167,1
DA:168,1
DA:169,3
DA:176,1
DA:177,3
DA:182,1
DA:183,3
DA:184,5
LF:80
LH:80
end_of_record
SF:lib/domain/usecases/get_tv_watchlist_status.dart
DA:6,1
DA:8,1
DA:9,2
LF:3
LH:3
end_of_record
SF:lib/domain/usecases/get_top_rated_movies.dart
DA:9,1
DA:11,1
DA:12,2
LF:3
LH:3
end_of_record
SF:lib/domain/usecases/search_tv_series.dart
DA:9,1
DA:11,1
DA:12,2
LF:3
LH:3
end_of_record
SF:lib/domain/usecases/get_tv_season_detail.dart
DA:9,1
DA:11,1
DA:12,2
LF:3
LH:3
end_of_record
SF:lib/domain/usecases/get_tv_recommendation.dart
DA:9,1
DA:11,1
DA:12,2
LF:3
LH:3
end_of_record
SF:lib/domain/usecases/save_movie_watchlist.dart
DA:9,1
DA:11,1
DA:12,2
LF:3
LH:3
end_of_record
SF:lib/domain/usecases/get_movie_detail.dart
DA:9,1
DA:11,1
DA:12,2
LF:3
LH:3
end_of_record
SF:lib/domain/usecases/get_on_air_tv_series.dart
DA:9,1
DA:11,1
DA:12,2
LF:3
LH:3
end_of_record
SF:lib/domain/usecases/save_tv_watchlist.dart
DA:9,1
DA:11,1
DA:12,2
LF:3
LH:3
end_of_record
SF:lib/domain/usecases/remove_tv_watchlist.dart
DA:9,1
DA:11,1
DA:12,2
LF:3
LH:3
end_of_record
SF:lib/domain/usecases/get_movie_recommendations.dart
DA:9,1
DA:11,1
DA:12,2
LF:3
LH:3
end_of_record
SF:lib/domain/usecases/get_watchlist_tv_series.dart
DA:9,1
DA:11,1
DA:12,2
LF:3
LH:3
end_of_record
SF:lib/domain/usecases/get_watchlist_movies.dart
DA:9,1
DA:11,1
DA:12,2
LF:3
LH:3
end_of_record
SF:lib/domain/usecases/get_now_playing_movies.dart
DA:9,1
DA:11,1
DA:12,2
LF:3
LH:3
end_of_record
SF:lib/domain/usecases/get_top_rated_tv_series.dart
DA:9,1
DA:11,1
DA:12,2
LF:3
LH:3
end_of_record
SF:lib/domain/usecases/remove_movie_watchlist.dart
DA:9,1
DA:11,1
DA:12,2
LF:3
LH:3
end_of_record
SF:lib/domain/usecases/get_popular_movies.dart
DA:9,1
DA:11,1
DA:12,2
LF:3
LH:3
end_of_record
SF:lib/domain/usecases/get_popular_tv_series.dart
DA:9,1
DA:11,1
DA:12,2
LF:3
LH:3
end_of_record
SF:lib/domain/usecases/search_movies.dart
DA:9,1
DA:11,1
DA:12,2
LF:3
LH:3
end_of_record
SF:lib/domain/usecases/get_tv_detail.dart
DA:9,1
DA:11,1
DA:12,2
LF:3
LH:3
end_of_record
SF:lib/domain/usecases/get_movie_watchlist_status.dart
DA:6,1
DA:8,1
DA:9,2
LF:3
LH:3
end_of_record
SF:lib/common/state_enum.dart
DA:1,19
LF:1
LH:1
end_of_record
SF:lib/presentation/provider/movie_detail_notifier.dart
DA:19,1
DA:28,2
DA:31,2
DA:34,2
DA:37,2
DA:40,2
DA:43,2
DA:45,1
DA:46,1
DA:47,1
DA:48,3
DA:49,3
DA:50,1
DA:51,1
DA:52,1
DA:53,2
DA:54,1
DA:56,1
DA:57,1
DA:58,1
DA:59,1
DA:60,1
DA:61,1
DA:62,1
DA:63,2
DA:65,1
DA:66,1
DA:67,1
DA:70,1
DA:71,1
DA:77,2
DA:79,1
DA:80,3
DA:82,2
DA:83,1
DA:84,2
DA:86,1
DA:87,1
DA:91,3
DA:94,1
DA:95,3
DA:97,2
DA:98,1
DA:99,2
DA:101,1
DA:102,1
DA:106,3
DA:109,1
DA:110,3
DA:111,1
DA:112,1
LF:51
LH:51
end_of_record
SF:lib/presentation/provider/watchlist_movie_notifier.dart
DA:9,2
DA:13,2
DA:17,2
DA:19,1
DA:23,1
DA:24,1
DA:25,1
DA:27,3
DA:28,1
DA:29,1
DA:30,1
DA:31,2
DA:32,1
DA:34,1
DA:35,1
DA:36,1
DA:37,1
DA:39,1
DA:42,1
LF:19
LH:19
end_of_record
SF:lib/presentation/provider/tv_list_notifier.dart
DA:10,2
DA:13,2
DA:16,2
DA:19,2
DA:22,2
DA:25,2
DA:28,2
DA:30,1
DA:40,1
DA:41,1
DA:42,1
DA:44,3
DA:45,1
DA:46,1
DA:47,1
DA:48,2
DA:49,1
DA:51,1
DA:52,1
DA:53,1
DA:54,1
DA:59,1
DA:60,1
DA:61,1
DA:63,3
DA:64,1
DA:65,1
DA:66,1
DA:67,2
DA:68,1
DA:70,1
DA:71,1
DA:72,1
DA:73,1
DA:78,1
DA:79,1
DA:80,1
DA:82,3
DA:83,1
DA:84,1
DA:85,1
DA:86,2
DA:87,1
DA:89,1
DA:90,1
DA:91,1
DA:92,1
LF:47
LH:47
end_of_record
SF:lib/presentation/provider/top_rated_tv_series_notifier.dart
DA:9,1
DA:13,2
DA:17,2
DA:21,2
DA:23,1
DA:24,1
DA:25,1
DA:27,3
DA:28,1
DA:29,1
DA:30,2
DA:31,1
DA:32,1
DA:34,1
DA:35,1
DA:36,1
DA:37,1
LF:17
LH:17
end_of_record
SF:lib/presentation/provider/popular_movies_notifier.dart
DA:9,1
DA:12,2
DA:15,2
DA:18,2
DA:20,1
DA:21,1
DA:22,1
DA:24,3
DA:26,1
DA:27,1
DA:28,2
DA:29,1
DA:30,1
DA:32,1
DA:33,1
DA:34,1
DA:35,1
LF:17
LH:17
end_of_record
SF:lib/presentation/provider/movie_list_notifier.dart
DA:10,2
DA:13,2
DA:16,2
DA:19,2
DA:22,2
DA:25,2
DA:28,2
DA:30,1
DA:40,1
DA:41,1
DA:42,1
DA:44,3
DA:45,1
DA:46,1
DA:47,1
DA:48,2
DA:49,1
DA:51,1
DA:52,1
DA:53,1
DA:54,1
DA:59,1
DA:60,1
DA:61,1
DA:63,3
DA:64,1
DA:65,1
DA:66,1
DA:67,2
DA:68,1
DA:70,1
DA:71,1
DA:72,1
DA:73,1
DA:78,1
DA:79,1
DA:80,1
DA:82,3
DA:83,1
DA:84,1
DA:85,1
DA:86,2
DA:87,1
DA:89,1
DA:90,1
DA:91,1
DA:92,1
LF:47
LH:47
end_of_record
SF:lib/common/content_search_enum.dart
DA:1,1
LF:1
LH:1
end_of_record
SF:lib/presentation/provider/search_notifier.dart
DA:13,1
DA:20,2
DA:24,2
DA:28,2
DA:32,2
DA:36,2
DA:38,1
DA:42,1
DA:43,2
DA:45,2
DA:49,1
DA:50,1
DA:51,1
DA:53,3
DA:54,1
DA:55,1
DA:56,2
DA:57,1
DA:58,1
DA:60,1
DA:61,1
DA:62,1
DA:63,1
DA:68,1
DA:69,1
DA:70,1
DA:72,3
DA:73,1
DA:74,1
DA:75,1
DA:76,2
DA:77,1
DA:79,1
DA:80,1
DA:81,1
DA:82,1
LF:36
LH:36
end_of_record
SF:lib/presentation/provider/tv_detail_notifier.dart
DA:18,1
DA:28,2
DA:32,2
DA:36,2
DA:40,2
DA:44,2
DA:48,2
DA:52,2
DA:54,1
DA:55,1
DA:56,1
DA:58,3
DA:59,3
DA:60,1
DA:61,1
DA:62,1
DA:63,2
DA:64,1
DA:66,1
DA:67,1
DA:68,1
DA:70,1
DA:71,1
DA:72,1
DA:73,2
DA:75,1
DA:76,1
DA:77,1
DA:80,1
DA:81,1
DA:86,1
DA:87,3
DA:89,1
DA:90,1
DA:91,2
DA:93,1
DA:94,1
DA:98,3
DA:101,1
DA:102,3
DA:104,1
DA:105,1
DA:106,2
DA:108,1
DA:109,1
DA:113,3
DA:116,1
DA:117,3
DA:118,1
DA:119,1
LF:50
LH:50
end_of_record
SF:lib/presentation/provider/tv_season_detail_notifier.dart
DA:12,1
DA:18,2
DA:21,2
DA:24,2
DA:27,2
DA:30,2
DA:32,1
DA:33,1
DA:34,1
DA:36,3
DA:37,3
DA:41,1
DA:42,1
DA:43,1
DA:44,2
DA:45,1
DA:47,1
DA:48,1
DA:49,1
DA:50,1
DA:51,1
DA:52,2
DA:53,1
DA:55,1
DA:56,1
DA:57,1
DA:58,1
DA:65,1
DA:66,1
DA:67,1
LF:30
LH:30
end_of_record
SF:lib/presentation/provider/watchlist_tv_notifier.dart
DA:9,1
DA:13,2
DA:17,2
DA:21,2
DA:23,1
DA:24,1
DA:25,1
DA:27,3
DA:28,1
DA:29,1
DA:30,1
DA:31,2
DA:32,1
DA:34,1
DA:35,1
DA:36,1
DA:37,1
DA:39,1
DA:42,1
LF:19
LH:19
end_of_record
SF:lib/presentation/provider/top_rated_movies_notifier.dart
DA:9,1
DA:12,2
DA:15,2
DA:18,2
DA:20,1
DA:21,1
DA:22,1
DA:24,3
DA:26,1
DA:27,1
DA:28,2
DA:29,1
DA:30,1
DA:32,1
DA:33,1
DA:34,1
DA:35,1
LF:17
LH:17
end_of_record
SF:lib/presentation/provider/popular_tv_series_notifier.dart
DA:9,1
DA:12,2
DA:15,2
DA:18,2
DA:20,1
DA:21,1
DA:22,1
DA:24,3
DA:25,1
DA:26,1
DA:27,2
DA:28,1
DA:29,1
DA:31,1
DA:32,1
DA:33,1
DA:34,1
LF:17
LH:17
end_of_record
SF:lib/presentation/pages/movie_detail_page.dart
DA:17,3
DA:19,3
DA:20,3
DA:24,3
DA:26,3
DA:27,6
DA:28,6
DA:29,9
DA:30,6
DA:31,9
DA:35,3
DA:37,3
DA:38,3
DA:39,3
DA:40,6
DA:41,1
DA:42,1
DA:44,6
DA:45,1
DA:46,1
DA:47,1
DA:49,1
DA:50,1
DA:54,6
DA:67,1
DA:69,1
DA:71,3
DA:72,1
DA:73,1
DA:74,1
DA:75,3
DA:77,2
DA:78,1
DA:80,0
DA:82,1
DA:84,1
DA:85,1
DA:86,1
DA:87,1
DA:89,2
DA:96,1
DA:97,1
DA:98,1
DA:100,1
DA:102,1
DA:104,1
DA:105,1
DA:106,2
DA:107,1
DA:109,1
DA:110,1
DA:111,1
DA:112,1
DA:113,2
DA:116,2
DA:118,2
DA:121,2
DA:125,1
DA:127,1
DA:129,1
DA:130,1
DA:131,2
DA:132,2
DA:134,1
DA:136,1
DA:137,1
DA:138,1
DA:143,1
DA:145,1
DA:146,1
DA:147,1
DA:148,1
DA:149,1
DA:153,1
DA:154,3
DA:156,1
DA:157,3
DA:159,1
DA:160,1
DA:161,1
DA:162,3
DA:164,2
DA:170,4
DA:173,1
DA:174,1
DA:176,1
DA:178,1
DA:179,2
DA:181,1
DA:182,1
DA:184,1
DA:186,1
DA:187,1
DA:188,2
DA:190,1
DA:191,1
DA:192,1
DA:195,2
DA:197,1
DA:198,1
DA:199,1
DA:201,2
DA:203,2
DA:204,1
DA:206,1
DA:208,1
DA:209,2
DA:210,1
DA:212,1
DA:213,1
DA:214,1
DA:215,1
DA:218,1
DA:221,1
DA:222,1
DA:223,1
DA:225,1
DA:227,2
DA:228,1
DA:229,1
DA:231,1
DA:234,0
DA:235,0
DA:241,2
DA:245,1
DA:253,1
DA:255,1
DA:270,1
DA:272,1
DA:275,1
DA:276,1
DA:277,1
DA:278,1
DA:279,1
LF:134
LH:131
end_of_record
SF:lib/presentation/pages/top_rated_movies_page.dart
DA:11,1
DA:12,1
DA:16,1
DA:18,1
DA:19,2
DA:20,2
DA:21,1
DA:24,1
DA:26,1
DA:27,1
DA:28,1
DA:30,1
DA:32,1
DA:33,1
DA:34,2
DA:35,1
DA:36,1
DA:38,2
DA:39,1
DA:40,1
DA:41,1
DA:42,2
DA:43,1
DA:44,1
DA:45,1
DA:46,1
DA:47,1
DA:48,1
DA:49,1
DA:52,1
DA:57,2
DA:60,1
DA:61,1
DA:62,2
LF:34
LH:34
end_of_record
SF:lib/presentation/widgets/item_card_list.dart
DA:13,4
DA:22,4
DA:24,4
DA:26,4
DA:27,4
DA:28,4
DA:30,4
DA:31,4
DA:32,4
DA:39,4
DA:41,4
DA:42,4
DA:43,4
DA:46,4
DA:48,4
DA:49,4
DA:50,4
DA:58,4
DA:63,4
DA:64,4
DA:65,8
DA:67,8
DA:68,4
DA:70,0
DA:72,8
LF:25
LH:24
end_of_record
SF:lib/common/utils.dart
DA:4,0
DA:6,2
DA:8,4
DA:9,6
DA:12,2
DA:16,6
DA:19,2
DA:20,2
DA:21,2
DA:23,2
DA:24,1
DA:26,1
LF:12
LH:11
end_of_record
SF:lib/presentation/pages/top_rated_tv_series_page.dart
DA:11,1
DA:12,1
DA:16,1
DA:18,1
DA:19,2
DA:20,2
DA:21,1
DA:24,1
DA:26,1
DA:27,1
DA:28,1
DA:30,1
DA:32,1
DA:33,1
DA:34,2
DA:35,1
DA:36,1
DA:38,2
DA:39,1
DA:40,1
DA:41,1
DA:42,2
DA:43,1
DA:44,1
DA:45,1
DA:46,1
DA:47,1
DA:48,1
DA:49,1
DA:52,1
DA:57,2
DA:60,1
DA:61,1
DA:62,2
LF:34
LH:34
end_of_record
SF:lib/presentation/pages/tv_detail_page.dart
DA:18,3
DA:20,3
DA:21,3
DA:25,3
DA:27,3
DA:28,6
DA:29,6
DA:30,9
DA:32,6
DA:33,9
DA:37,3
DA:39,3
DA:40,3
DA:41,3
DA:42,6
DA:43,1
DA:44,1
DA:46,6
DA:47,1
DA:48,1
DA:49,1
DA:51,1
DA:52,1
DA:56,6
DA:69,1
DA:71,1
DA:73,3
DA:74,1
DA:75,1
DA:76,1
DA:77,3
DA:79,2
DA:80,1
DA:82,0
DA:84,1
DA:86,1
DA:87,1
DA:88,1
DA:89,1
DA:90,1
DA:92,2
DA:99,1
DA:100,1
DA:101,1
DA:103,1
DA:105,1
DA:107,1
DA:108,1
DA:109,2
DA:110,1
DA:112,1
DA:113,1
DA:114,1
DA:115,1
DA:116,2
DA:118,2
DA:120,2
DA:122,2
DA:125,1
DA:128,1
DA:130,1
DA:131,1
DA:132,2
DA:133,2
DA:135,1
DA:137,1
DA:138,1
DA:139,1
DA:144,1
DA:146,1
DA:147,1
DA:148,1
DA:149,1
DA:150,1
DA:154,1
DA:155,3
DA:157,1
DA:158,1
DA:159,1
DA:160,3
DA:162,2
DA:168,4
DA:171,1
DA:172,1
DA:174,1
DA:176,1
DA:177,2
DA:179,1
DA:180,1
DA:182,1
DA:184,1
DA:185,1
DA:186,1
DA:188,1
DA:190,1
DA:191,3
DA:193,1
DA:195,1
DA:196,2
DA:197,1
DA:198,1
DA:201,1
DA:202,2
DA:203,1
DA:207,1
DA:208,1
DA:209,1
DA:211,1
DA:213,2
DA:214,1
DA:215,1
DA:217,1
DA:220,0
DA:221,0
DA:227,3
DA:232,1
DA:233,1
DA:235,1
DA:237,1
DA:238,1
DA:239,2
DA:241,1
DA:242,1
DA:243,1
DA:246,2
DA:248,1
DA:249,1
DA:250,1
DA:252,2
DA:254,2
DA:255,1
DA:257,1
DA:259,1
DA:260,2
DA:261,1
DA:263,1
DA:264,1
DA:265,1
DA:266,1
DA:269,1
DA:272,1
DA:273,1
DA:274,1
DA:276,1
DA:278,2
DA:279,1
DA:280,1
DA:282,1
DA:285,0
DA:286,0
DA:292,2
DA:296,1
DA:304,1
DA:306,1
DA:321,1
DA:323,1
DA:326,1
DA:327,1
DA:328,1
DA:329,1
DA:330,1
LF:161
LH:156
end_of_record
SF:lib/presentation/pages/tv_season_detail_page.dart
DA:19,2
DA:24,2
DA:25,2
DA:29,2
DA:31,2
DA:32,4
DA:33,4
DA:34,10
DA:35,4
DA:39,2
DA:41,6
DA:43,2
DA:44,2
DA:45,2
DA:46,4
DA:47,1
DA:48,1
DA:50,4
DA:51,1
DA:52,1
DA:54,1
DA:55,1
DA:56,1
DA:57,1
DA:58,2
DA:60,2
DA:61,1
DA:63,0
DA:65,1
DA:67,1
DA:68,1
DA:69,1
DA:70,1
DA:73,2
DA:80,1
DA:81,1
DA:82,2
DA:83,1
DA:84,1
DA:85,1
DA:88,1
DA:96,1
DA:98,1
DA:113,1
DA:115,1
DA:118,1
DA:119,1
DA:120,1
DA:121,1
DA:130,4
DA:137,1
DA:143,1
DA:145,1
DA:147,1
DA:149,1
DA:150,1
DA:151,1
DA:152,1
DA:154,1
DA:155,1
DA:156,1
DA:157,1
DA:159,1
DA:160,3
DA:161,2
DA:166,1
DA:167,1
DA:169,1
DA:171,1
DA:172,3
DA:174,1
DA:175,1
DA:177,1
DA:179,1
DA:180,1
DA:190,1
DA:194,1
DA:195,1
DA:196,2
DA:197,1
DA:198,2
DA:200,1
DA:201,1
DA:203,2
DA:207,1
DA:208,1
DA:209,1
DA:214,1
DA:219,1
DA:220,1
DA:221,1
DA:223,1
DA:225,1
DA:226,1
DA:227,2
DA:232,1
DA:233,1
DA:237,1
DA:238,1
DA:239,3
DA:240,1
DA:243,1
DA:244,1
DA:245,2
DA:246,1
DA:247,2
DA:248,2
DA:249,1
DA:255,1
DA:256,1
DA:257,1
DA:258,2
DA:261,1
DA:263,3
DA:264,1
DA:265,1
DA:266,1
DA:267,2
DA:269,2
DA:275,3
DA:278,1
DA:279,1
DA:281,1
DA:283,1
DA:284,1
DA:285,1
DA:290,1
DA:293,1
DA:295,1
LF:129
LH:128
end_of_record
SF:lib/presentation/pages/popular_tv_series_page.dart
DA:11,1
DA:12,1
DA:16,1
DA:18,1
DA:19,2
DA:20,2
DA:21,1
DA:24,1
DA:26,1
DA:27,1
DA:28,1
DA:30,1
DA:32,1
DA:33,1
DA:34,2
DA:35,1
DA:36,1
DA:38,2
DA:39,1
DA:40,1
DA:41,1
DA:42,2
DA:43,1
DA:44,1
DA:45,1
DA:46,1
DA:47,1
DA:48,1
DA:49,1
DA:52,1
DA:57,2
DA:60,1
DA:61,1
DA:62,2
LF:34
LH:34
end_of_record
SF:lib/presentation/pages/popular_movies_page.dart
DA:11,1
DA:12,1
DA:16,1
DA:18,1
DA:19,2
DA:20,2
DA:21,1
DA:24,1
DA:26,1
DA:27,1
DA:28,1
DA:30,1
DA:32,1
DA:33,1
DA:34,2
DA:35,1
DA:36,1
DA:38,2
DA:39,1
DA:40,1
DA:41,1
DA:42,2
DA:43,1
DA:44,1
DA:45,1
DA:46,1
DA:47,1
DA:48,1
DA:49,1
DA:52,1
DA:57,2
DA:60,1
DA:61,1
DA:62,2
LF:34
LH:34
end_of_record
